2022-06-01 08:16:16,881 - gan_classifiers.EnvironmentVariableManager - INFO - Running with the following settings:
{'method': 'quantum', 'train_or_predict': 'train', 'data_filepath': '', 'test_one_sample': '', 'training_steps': 100, 'quantum_circuit_type': 'standard', 'quantum_depth': 3, 'batch_size': 64, 'discriminator_iterations': 5, 'validation_interval': 10, 'validation_samples': 200, 'discriminator_training_rate': 0.02, 'generator_training_rate': 0.008, 'gradient_penalty_weight': 10.0, 'shots': 100, 'latent_dimensions': 50, 'adv_loss_weight': 1, 'con_loss_weight': 50, 'enc_loss_weight': 1}
2022-06-01 08:16:23,451 - tensorflow - WARNING - 5 out of the last 5 calls to <function Differentiator.differentiate_sampled at 0x7fcd1ebc63a0> triggered tf.function retracing. Tracing is expensive and the excessive number of tracings could be due to (1) creating @tf.function repeatedly in a loop, (2) passing tensors with different shapes, (3) passing Python objects instead of tensors. For (1), please define your @tf.function outside of the loop. For (2), @tf.function has experimental_relax_shapes=True option that relaxes argument shapes that can avoid unnecessary retracing. For (3), please refer to https://www.tensorflow.org/guide/function#controlling_retracing and https://www.tensorflow.org/api_docs/python/tf/function for  more details.
2022-06-01 08:16:23,801 - tensorflow - WARNING - 6 out of the last 6 calls to <function Differentiator.differentiate_sampled at 0x7fcd1ebc63a0> triggered tf.function retracing. Tracing is expensive and the excessive number of tracings could be due to (1) creating @tf.function repeatedly in a loop, (2) passing tensors with different shapes, (3) passing Python objects instead of tensors. For (1), please define your @tf.function outside of the loop. For (2), @tf.function has experimental_relax_shapes=True option that relaxes argument shapes that can avoid unnecessary retracing. For (3), please refer to https://www.tensorflow.org/guide/function#controlling_retracing and https://www.tensorflow.org/api_docs/python/tf/function for  more details.
2022-06-01 08:16:24,150 - tensorflow - WARNING - 7 out of the last 7 calls to <function Differentiator.differentiate_sampled at 0x7fcd1ebc63a0> triggered tf.function retracing. Tracing is expensive and the excessive number of tracings could be due to (1) creating @tf.function repeatedly in a loop, (2) passing tensors with different shapes, (3) passing Python objects instead of tensors. For (1), please define your @tf.function outside of the loop. For (2), @tf.function has experimental_relax_shapes=True option that relaxes argument shapes that can avoid unnecessary retracing. For (3), please refer to https://www.tensorflow.org/guide/function#controlling_retracing and https://www.tensorflow.org/api_docs/python/tf/function for  more details.
2022-06-01 08:16:24,498 - tensorflow - WARNING - 8 out of the last 8 calls to <function Differentiator.differentiate_sampled at 0x7fcd1ebc63a0> triggered tf.function retracing. Tracing is expensive and the excessive number of tracings could be due to (1) creating @tf.function repeatedly in a loop, (2) passing tensors with different shapes, (3) passing Python objects instead of tensors. For (1), please define your @tf.function outside of the loop. For (2), @tf.function has experimental_relax_shapes=True option that relaxes argument shapes that can avoid unnecessary retracing. For (3), please refer to https://www.tensorflow.org/guide/function#controlling_retracing and https://www.tensorflow.org/api_docs/python/tf/function for  more details.
2022-06-01 08:16:24,860 - tensorflow - WARNING - 9 out of the last 9 calls to <function Differentiator.differentiate_sampled at 0x7fcd1ebc63a0> triggered tf.function retracing. Tracing is expensive and the excessive number of tracings could be due to (1) creating @tf.function repeatedly in a loop, (2) passing tensors with different shapes, (3) passing Python objects instead of tensors. For (1), please define your @tf.function outside of the loop. For (2), @tf.function has experimental_relax_shapes=True option that relaxes argument shapes that can avoid unnecessary retracing. For (3), please refer to https://www.tensorflow.org/guide/function#controlling_retracing and https://www.tensorflow.org/api_docs/python/tf/function for  more details.
2022-06-01 08:16:25,221 - tensorflow - WARNING - 10 out of the last 10 calls to <function Differentiator.differentiate_sampled at 0x7fcd1ebc63a0> triggered tf.function retracing. Tracing is expensive and the excessive number of tracings could be due to (1) creating @tf.function repeatedly in a loop, (2) passing tensors with different shapes, (3) passing Python objects instead of tensors. For (1), please define your @tf.function outside of the loop. For (2), @tf.function has experimental_relax_shapes=True option that relaxes argument shapes that can avoid unnecessary retracing. For (3), please refer to https://www.tensorflow.org/guide/function#controlling_retracing and https://www.tensorflow.org/api_docs/python/tf/function for  more details.
2022-06-01 08:16:25,572 - tensorflow - WARNING - 11 out of the last 11 calls to <function Differentiator.differentiate_sampled at 0x7fcd1ebc63a0> triggered tf.function retracing. Tracing is expensive and the excessive number of tracings could be due to (1) creating @tf.function repeatedly in a loop, (2) passing tensors with different shapes, (3) passing Python objects instead of tensors. For (1), please define your @tf.function outside of the loop. For (2), @tf.function has experimental_relax_shapes=True option that relaxes argument shapes that can avoid unnecessary retracing. For (3), please refer to https://www.tensorflow.org/guide/function#controlling_retracing and https://www.tensorflow.org/api_docs/python/tf/function for  more details.
2022-06-01 08:16:25,919 - tensorflow - WARNING - 11 out of the last 11 calls to <function Differentiator.differentiate_sampled at 0x7fcd1ebc63a0> triggered tf.function retracing. Tracing is expensive and the excessive number of tracings could be due to (1) creating @tf.function repeatedly in a loop, (2) passing tensors with different shapes, (3) passing Python objects instead of tensors. For (1), please define your @tf.function outside of the loop. For (2), @tf.function has experimental_relax_shapes=True option that relaxes argument shapes that can avoid unnecessary retracing. For (3), please refer to https://www.tensorflow.org/guide/function#controlling_retracing and https://www.tensorflow.org/api_docs/python/tf/function for  more details.
2022-06-01 08:16:26,396 - tensorflow - WARNING - 11 out of the last 11 calls to <function Differentiator.differentiate_sampled at 0x7fcd1ebc63a0> triggered tf.function retracing. Tracing is expensive and the excessive number of tracings could be due to (1) creating @tf.function repeatedly in a loop, (2) passing tensors with different shapes, (3) passing Python objects instead of tensors. For (1), please define your @tf.function outside of the loop. For (2), @tf.function has experimental_relax_shapes=True option that relaxes argument shapes that can avoid unnecessary retracing. For (3), please refer to https://www.tensorflow.org/guide/function#controlling_retracing and https://www.tensorflow.org/api_docs/python/tf/function for  more details.
2022-06-01 08:16:26,747 - tensorflow - WARNING - 11 out of the last 11 calls to <function Differentiator.differentiate_sampled at 0x7fcd1ebc63a0> triggered tf.function retracing. Tracing is expensive and the excessive number of tracings could be due to (1) creating @tf.function repeatedly in a loop, (2) passing tensors with different shapes, (3) passing Python objects instead of tensors. For (1), please define your @tf.function outside of the loop. For (2), @tf.function has experimental_relax_shapes=True option that relaxes argument shapes that can avoid unnecessary retracing. For (3), please refer to https://www.tensorflow.org/guide/function#controlling_retracing and https://www.tensorflow.org/api_docs/python/tf/function for  more details.
2022-06-01 08:16:27,102 - tensorflow - WARNING - 11 out of the last 11 calls to <function Differentiator.differentiate_sampled at 0x7fcd1ebc63a0> triggered tf.function retracing. Tracing is expensive and the excessive number of tracings could be due to (1) creating @tf.function repeatedly in a loop, (2) passing tensors with different shapes, (3) passing Python objects instead of tensors. For (1), please define your @tf.function outside of the loop. For (2), @tf.function has experimental_relax_shapes=True option that relaxes argument shapes that can avoid unnecessary retracing. For (3), please refer to https://www.tensorflow.org/guide/function#controlling_retracing and https://www.tensorflow.org/api_docs/python/tf/function for  more details.
2022-06-01 09:24:20,778 - root - ERROR - An error occured while processing. Error reads:
Traceback (most recent call last):
  File "/mnt/c/Users/d92510/Desktop/planqk/quantum_classifier_docker/QuantumClassifierDocker/run_gan_classifier.py", line 79, in main
    plotter.plot()
  File "/mnt/c/Users/d92510/Desktop/planqk/quantum_classifier_docker/QuantumClassifierDocker/gan_classifiers/Plotter.py", line 190, in plot
    self.show_pixXpix_samples()
  File "/mnt/c/Users/d92510/Desktop/planqk/quantum_classifier_docker/QuantumClassifierDocker/gan_classifiers/Plotter.py", line 132, in show_pixXpix_samples
    x_normal_samples = np.reshape(self.train_hist["x_normal_samples"],
  File "<__array_function__ internals>", line 5, in reshape
  File "/home/frederick_kukla/planqk/planqk/lib/python3.8/site-packages/numpy/core/fromnumeric.py", line 299, in reshape
    return _wrapfunc(a, 'reshape', newshape, order=order)
  File "/home/frederick_kukla/planqk/planqk/lib/python3.8/site-packages/numpy/core/fromnumeric.py", line 55, in _wrapfunc
    return _wrapit(obj, method, *args, **kwds)
  File "/home/frederick_kukla/planqk/planqk/lib/python3.8/site-packages/numpy/core/fromnumeric.py", line 44, in _wrapit
    result = getattr(asarray(obj), method)(*args, **kwds)
ValueError: cannot reshape array of size 6000 into shape (10,4,3,3)

2022-06-01 09:24:20,779 - root - INFO - Run of the GAN classifier has ended
2022-06-01 09:24:21,867 - root - ERROR - An error occured while processing. Error reads:
Traceback (most recent call last):
  File "/mnt/c/Users/d92510/Desktop/planqk/quantum_classifier_docker/QuantumClassifierDocker/run_gan_classifier.py", line 83, in main
    classifier.loadClassifier()
  File "/mnt/c/Users/d92510/Desktop/planqk/quantum_classifier_docker/QuantumClassifierDocker/gan_classifiers/GANomalyNetworks.py", line 452, in loadClassifier
    self.auto_decoder.load_weights(
AttributeError: 'list' object has no attribute 'load_weights'

2022-06-01 09:24:21,867 - root - INFO - Run of the GAN classifier has ended
